Created by PLY version 3.11 (http://www.dabeaz.com/ply)

Unused terminals:

    RPT
    V

Grammar

Rule 0     S' -> resultado
Rule 1     resultado -> s
Rule 2     resultado -> ASIGN ID EQ EQ2 s
Rule 3     s -> N
Rule 4     s -> ID
Rule 5     s -> s SU s
Rule 6     s -> s RE s
Rule 7     s -> RE N
Rule 8     s -> PR ID
Rule 9     s -> PR s

Terminals, with rules where they appear

ASIGN                : 2
EQ                   : 2
EQ2                  : 2
ID                   : 2 4 8
N                    : 3 7
PR                   : 8 9
RE                   : 6 7
RPT                  : 
SU                   : 5
V                    : 
error                : 

Nonterminals, with rules where they appear

resultado            : 0
s                    : 1 2 5 5 6 6 9

Parsing method: LALR

state 0

    (0) S' -> . resultado
    (1) resultado -> . s
    (2) resultado -> . ASIGN ID EQ EQ2 s
    (3) s -> . N
    (4) s -> . ID
    (5) s -> . s SU s
    (6) s -> . s RE s
    (7) s -> . RE N
    (8) s -> . PR ID
    (9) s -> . PR s

    ASIGN           shift and go to state 3
    N               shift and go to state 5
    ID              shift and go to state 4
    RE              shift and go to state 6
    PR              shift and go to state 7

    resultado                      shift and go to state 1
    s                              shift and go to state 2

state 1

    (0) S' -> resultado .



state 2

    (1) resultado -> s .
    (5) s -> s . SU s
    (6) s -> s . RE s

    $end            reduce using rule 1 (resultado -> s .)
    SU              shift and go to state 8
    RE              shift and go to state 9


state 3

    (2) resultado -> ASIGN . ID EQ EQ2 s

    ID              shift and go to state 10


state 4

    (4) s -> ID .

    SU              reduce using rule 4 (s -> ID .)
    RE              reduce using rule 4 (s -> ID .)
    $end            reduce using rule 4 (s -> ID .)


state 5

    (3) s -> N .

    SU              reduce using rule 3 (s -> N .)
    RE              reduce using rule 3 (s -> N .)
    $end            reduce using rule 3 (s -> N .)


state 6

    (7) s -> RE . N

    N               shift and go to state 11


state 7

    (8) s -> PR . ID
    (9) s -> PR . s
    (3) s -> . N
    (4) s -> . ID
    (5) s -> . s SU s
    (6) s -> . s RE s
    (7) s -> . RE N
    (8) s -> . PR ID
    (9) s -> . PR s

    ID              shift and go to state 12
    N               shift and go to state 5
    RE              shift and go to state 6
    PR              shift and go to state 7

    s                              shift and go to state 13

state 8

    (5) s -> s SU . s
    (3) s -> . N
    (4) s -> . ID
    (5) s -> . s SU s
    (6) s -> . s RE s
    (7) s -> . RE N
    (8) s -> . PR ID
    (9) s -> . PR s

    N               shift and go to state 5
    ID              shift and go to state 4
    RE              shift and go to state 6
    PR              shift and go to state 7

    s                              shift and go to state 14

state 9

    (6) s -> s RE . s
    (3) s -> . N
    (4) s -> . ID
    (5) s -> . s SU s
    (6) s -> . s RE s
    (7) s -> . RE N
    (8) s -> . PR ID
    (9) s -> . PR s

    N               shift and go to state 5
    ID              shift and go to state 4
    RE              shift and go to state 6
    PR              shift and go to state 7

    s                              shift and go to state 15

state 10

    (2) resultado -> ASIGN ID . EQ EQ2 s

    EQ              shift and go to state 16


state 11

    (7) s -> RE N .

    SU              reduce using rule 7 (s -> RE N .)
    RE              reduce using rule 7 (s -> RE N .)
    $end            reduce using rule 7 (s -> RE N .)


state 12

    (8) s -> PR ID .
    (4) s -> ID .

  ! reduce/reduce conflict for SU resolved using rule 4 (s -> ID .)
  ! reduce/reduce conflict for RE resolved using rule 4 (s -> ID .)
  ! reduce/reduce conflict for $end resolved using rule 4 (s -> ID .)
    SU              reduce using rule 4 (s -> ID .)
    RE              reduce using rule 4 (s -> ID .)
    $end            reduce using rule 4 (s -> ID .)

  ! SU              [ reduce using rule 8 (s -> PR ID .) ]
  ! RE              [ reduce using rule 8 (s -> PR ID .) ]
  ! $end            [ reduce using rule 8 (s -> PR ID .) ]


state 13

    (9) s -> PR s .
    (5) s -> s . SU s
    (6) s -> s . RE s

  ! shift/reduce conflict for SU resolved as shift
  ! shift/reduce conflict for RE resolved as shift
    $end            reduce using rule 9 (s -> PR s .)
    SU              shift and go to state 8
    RE              shift and go to state 9

  ! SU              [ reduce using rule 9 (s -> PR s .) ]
  ! RE              [ reduce using rule 9 (s -> PR s .) ]


state 14

    (5) s -> s SU s .
    (5) s -> s . SU s
    (6) s -> s . RE s

    SU              reduce using rule 5 (s -> s SU s .)
    RE              reduce using rule 5 (s -> s SU s .)
    $end            reduce using rule 5 (s -> s SU s .)

  ! SU              [ shift and go to state 8 ]
  ! RE              [ shift and go to state 9 ]


state 15

    (6) s -> s RE s .
    (5) s -> s . SU s
    (6) s -> s . RE s

    SU              reduce using rule 6 (s -> s RE s .)
    RE              reduce using rule 6 (s -> s RE s .)
    $end            reduce using rule 6 (s -> s RE s .)

  ! SU              [ shift and go to state 8 ]
  ! RE              [ shift and go to state 9 ]


state 16

    (2) resultado -> ASIGN ID EQ . EQ2 s

    EQ2             shift and go to state 17


state 17

    (2) resultado -> ASIGN ID EQ EQ2 . s
    (3) s -> . N
    (4) s -> . ID
    (5) s -> . s SU s
    (6) s -> . s RE s
    (7) s -> . RE N
    (8) s -> . PR ID
    (9) s -> . PR s

    N               shift and go to state 5
    ID              shift and go to state 4
    RE              shift and go to state 6
    PR              shift and go to state 7

    s                              shift and go to state 18

state 18

    (2) resultado -> ASIGN ID EQ EQ2 s .
    (5) s -> s . SU s
    (6) s -> s . RE s

    $end            reduce using rule 2 (resultado -> ASIGN ID EQ EQ2 s .)
    SU              shift and go to state 8
    RE              shift and go to state 9

WARNING: 
WARNING: Conflicts:
WARNING: 
WARNING: shift/reduce conflict for SU in state 13 resolved as shift
WARNING: shift/reduce conflict for RE in state 13 resolved as shift
WARNING: reduce/reduce conflict in state 12 resolved using rule (s -> ID)
WARNING: rejected rule (s -> PR ID) in state 12
WARNING: Rule (s -> PR ID) is never reduced
